PG::UndefinedTable: ERROR:  relation "users" does not exist
LINE 5:                WHERE a.attrelid = '"users"'::regclass
                                          ^
:               SELECT a.attname, format_type(a.atttypid, a.atttypmod),
                     pg_get_expr(d.adbin, d.adrelid), a.attnotnull, a.atttypid, a.atttypmod
                FROM pg_attribute a LEFT JOIN pg_attrdef d
                  ON a.attrelid = d.adrelid AND a.attnum = d.adnum
               WHERE a.attrelid = '"users"'::regclass
                 AND a.attnum > 0 AND NOT a.attisdropped
               ORDER BY a.attnum

  [1m[36m (4.8ms)[0m  [1mCREATE TABLE "schema_migrations" ("version" character varying(255) NOT NULL) [0m
  [1m[35m (1.9ms)[0m  CREATE UNIQUE INDEX  "unique_schema_migrations" ON "schema_migrations"  ("version")
  [1m[36mActiveRecord::SchemaMigration Load (0.4ms)[0m  [1mSELECT "schema_migrations".* FROM "schema_migrations"[0m
Migrating to CreateUsers (20140313125445)
  [1m[35m (0.1ms)[0m  BEGIN
  [1m[36m (26.1ms)[0m  [1mCREATE TABLE "users" ("id" serial primary key, "first_name" character varying(255), "last_name" character varying(255), "created_at" timestamp, "updated_at" timestamp) [0m
  [1m[35mSQL (5.9ms)[0m  INSERT INTO "schema_migrations" ("version") VALUES ($1)  [["version", "20140313125445"]]
  [1m[36m (6.3ms)[0m  [1mCOMMIT[0m
Migrating to AddHstore (20140317084424)
  [1m[35m (5.8ms)[0m  BEGIN
  [1m[36mSQL (27.7ms)[0m  [1mCREATE EXTENSION IF NOT EXISTS "hstore"[0m
  [1m[35mSQL (0.2ms)[0m  INSERT INTO "schema_migrations" ("version") VALUES ($1)  [["version", "20140317084424"]]
  [1m[36m (1.1ms)[0m  [1mCOMMIT[0m
Migrating to CreateNetverifyValidations (20140317084855)
  [1m[35m (0.2ms)[0m  BEGIN
  [1m[36m (2.8ms)[0m  [1mCREATE TABLE "netverify_validations" ("id" serial primary key, "validatable_id" integer, "validatable_type" character varying(255), "state" character varying(255), "jumio_id_scan_reference" character varying(255), "merchant_id_scan_reference" character varying(255), "personal_information" hstore, "error_types" hstore, "images" hstore, "created_at" timestamp, "updated_at" timestamp) [0m
  [1m[35mSQL (0.1ms)[0m  INSERT INTO "schema_migrations" ("version") VALUES ($1)  [["version", "20140317084855"]]
  [1m[36m (0.4ms)[0m  [1mCOMMIT[0m
Migrating to AddAuthTokenToNetverifyValidations (20140331101804)
  [1m[35m (0.2ms)[0m  BEGIN
  [1m[36m (0.6ms)[0m  [1mALTER TABLE "netverify_validations" ADD COLUMN "authorization_token" character varying(255)[0m
  [1m[35m (0.2ms)[0m  ALTER TABLE "netverify_validations" ADD COLUMN "auth_type" character varying(255)
  [1m[36mSQL (0.1ms)[0m  [1mINSERT INTO "schema_migrations" ("version") VALUES ($1)[0m  [["version", "20140331101804"]]
  [1m[35m (0.3ms)[0m  COMMIT
  [1m[36mActiveRecord::SchemaMigration Load (0.1ms)[0m  [1mSELECT "schema_migrations".* FROM "schema_migrations"[0m
  [1m[36mSQL (0.2ms)[0m  [1mCREATE EXTENSION IF NOT EXISTS "plpgsql"[0m
  [1m[35mSQL (19.0ms)[0m  CREATE EXTENSION IF NOT EXISTS "hstore"
  [1m[36m (5.9ms)[0m  [1mCREATE TABLE "netverify_validations" ("id" serial primary key, "validatable_id" integer, "validatable_type" character varying(255), "state" character varying(255), "jumio_id_scan_reference" character varying(255), "merchant_id_scan_reference" character varying(255), "personal_information" hstore, "error_types" hstore, "images" hstore, "created_at" timestamp, "updated_at" timestamp, "authorization_token" character varying(255), "auth_type" character varying(255)) [0m
  [1m[35m (2.7ms)[0m  CREATE TABLE "users" ("id" serial primary key, "first_name" character varying(255), "last_name" character varying(255), "created_at" timestamp, "updated_at" timestamp) 
  [1m[36m (1.7ms)[0m  [1mCREATE TABLE "schema_migrations" ("version" character varying(255) NOT NULL) [0m
  [1m[35m (1.3ms)[0m  CREATE UNIQUE INDEX  "unique_schema_migrations" ON "schema_migrations"  ("version")
  [1m[36m (0.4ms)[0m  [1mSELECT version FROM "schema_migrations"[0m
  [1m[35m (0.5ms)[0m  INSERT INTO "schema_migrations" (version) VALUES ('20140331101804')
  [1m[36m (0.4ms)[0m  [1mINSERT INTO "schema_migrations" (version) VALUES ('20140313125445')[0m
  [1m[35m (0.3ms)[0m  INSERT INTO "schema_migrations" (version) VALUES ('20140317084424')
  [1m[36m (0.3ms)[0m  [1mINSERT INTO "schema_migrations" (version) VALUES ('20140317084855')[0m
  [1m[35mActiveRecord::SchemaMigration Load (0.2ms)[0m  SELECT "schema_migrations".* FROM "schema_migrations"
